2018-05-08 10:09:12  [ DAO.WarRoomDbLinksDAO.isDbLinkSuccess(WarRoomDbLinksDAO.java:146):DAO.AlarmMessageDAO:pool-3-thread-1:35 ] - [ ERROR ]  select data from EXCALIBUR dsg is failed, due to : 
java.io.FileNotFoundException: C:\Users\Administrator\Desktop\WarRoomDbLink\dbConfig.json (系统找不到指定的路径。)
	at java.io.FileInputStream.open0(Native Method)
	at java.io.FileInputStream.open(FileInputStream.java:195)
	at java.io.FileInputStream.<init>(FileInputStream.java:138)
	at java.io.FileInputStream.<init>(FileInputStream.java:93)
	at java.io.FileReader.<init>(FileReader.java:58)
	at Utils.DatabaseUtility.getDatabaseConfig(DatabaseUtility.java:42)
	at Utils.DatabaseUtility.<init>(DatabaseUtility.java:21)
	at DAO.WarRoomDbLinksDAO.isDbLinkSuccess(WarRoomDbLinksDAO.java:131)
	at foxlink.WarRoomDbThread$1.run(WarRoomDbThread.java:35)
	at java.util.concurrent.Executors$RunnableAdapter.call(Executors.java:511)
	at java.util.concurrent.FutureTask.runAndReset(FutureTask.java:308)
	at java.util.concurrent.ScheduledThreadPoolExecutor$ScheduledFutureTask.access$301(ScheduledThreadPoolExecutor.java:180)
	at java.util.concurrent.ScheduledThreadPoolExecutor$ScheduledFutureTask.run(ScheduledThreadPoolExecutor.java:294)
	at java.util.concurrent.ThreadPoolExecutor.runWorker(ThreadPoolExecutor.java:1142)
	at java.util.concurrent.ThreadPoolExecutor$Worker.run(ThreadPoolExecutor.java:617)
	at java.lang.Thread.run(Thread.java:745)
2018-05-08 10:09:12  [ DAO.WarRoomDbLinksDAO.isDbLinkSuccess(WarRoomDbLinksDAO.java:146):DAO.AlarmMessageDAO:pool-6-thread-1:36 ] - [ ERROR ]  select data from CEBU dsg is failed, due to : 
java.io.FileNotFoundException: C:\Users\Administrator\Desktop\WarRoomDbLink\dbConfig.json (系统找不到指定的路径。)
	at java.io.FileInputStream.open0(Native Method)
	at java.io.FileInputStream.open(FileInputStream.java:195)
	at java.io.FileInputStream.<init>(FileInputStream.java:138)
	at java.io.FileInputStream.<init>(FileInputStream.java:93)
	at java.io.FileReader.<init>(FileReader.java:58)
	at Utils.DatabaseUtility.getDatabaseConfig(DatabaseUtility.java:42)
	at Utils.DatabaseUtility.<init>(DatabaseUtility.java:21)
	at DAO.WarRoomDbLinksDAO.isDbLinkSuccess(WarRoomDbLinksDAO.java:131)
	at foxlink.WarRoomDbThread$1.run(WarRoomDbThread.java:35)
	at java.util.concurrent.Executors$RunnableAdapter.call(Executors.java:511)
	at java.util.concurrent.FutureTask.runAndReset(FutureTask.java:308)
	at java.util.concurrent.ScheduledThreadPoolExecutor$ScheduledFutureTask.access$301(ScheduledThreadPoolExecutor.java:180)
	at java.util.concurrent.ScheduledThreadPoolExecutor$ScheduledFutureTask.run(ScheduledThreadPoolExecutor.java:294)
	at java.util.concurrent.ThreadPoolExecutor.runWorker(ThreadPoolExecutor.java:1142)
	at java.util.concurrent.ThreadPoolExecutor$Worker.run(ThreadPoolExecutor.java:617)
	at java.lang.Thread.run(Thread.java:745)
2018-05-08 10:09:12  [ DAO.WarRoomDbLinksDAO.isDbLinkSuccess(WarRoomDbLinksDAO.java:146):DAO.AlarmMessageDAO:pool-11-thread-1:36 ] - [ ERROR ]  select data from XZCEBU dsg is failed, due to : 
java.io.FileNotFoundException: C:\Users\Administrator\Desktop\WarRoomDbLink\dbConfig.json (系统找不到指定的路径。)
	at java.io.FileInputStream.open0(Native Method)
	at java.io.FileInputStream.open(FileInputStream.java:195)
	at java.io.FileInputStream.<init>(FileInputStream.java:138)
	at java.io.FileInputStream.<init>(FileInputStream.java:93)
	at java.io.FileReader.<init>(FileReader.java:58)
	at Utils.DatabaseUtility.getDatabaseConfig(DatabaseUtility.java:42)
	at Utils.DatabaseUtility.<init>(DatabaseUtility.java:21)
	at DAO.WarRoomDbLinksDAO.isDbLinkSuccess(WarRoomDbLinksDAO.java:131)
	at foxlink.WarRoomDbThread$1.run(WarRoomDbThread.java:35)
	at java.util.concurrent.Executors$RunnableAdapter.call(Executors.java:511)
	at java.util.concurrent.FutureTask.runAndReset(FutureTask.java:308)
	at java.util.concurrent.ScheduledThreadPoolExecutor$ScheduledFutureTask.access$301(ScheduledThreadPoolExecutor.java:180)
	at java.util.concurrent.ScheduledThreadPoolExecutor$ScheduledFutureTask.run(ScheduledThreadPoolExecutor.java:294)
	at java.util.concurrent.ThreadPoolExecutor.runWorker(ThreadPoolExecutor.java:1142)
	at java.util.concurrent.ThreadPoolExecutor$Worker.run(ThreadPoolExecutor.java:617)
	at java.lang.Thread.run(Thread.java:745)
2018-05-08 10:09:12  [ foxlink.WarRoomDbThread$1.run(WarRoomDbThread.java:56):foxlink.WarRoomDbThread:pool-11-thread-1:58 ] - [ ERROR ]  java.lang.NullPointerException
2018-05-08 10:09:12  [ DAO.WarRoomDbLinksDAO.isDbLinkSuccess(WarRoomDbLinksDAO.java:146):DAO.AlarmMessageDAO:pool-10-thread-1:35 ] - [ ERROR ]  select data from MASSCBG dsg is failed, due to : 
java.io.FileNotFoundException: C:\Users\Administrator\Desktop\WarRoomDbLink\dbConfig.json (系统找不到指定的路径。)
	at java.io.FileInputStream.open0(Native Method)
	at java.io.FileInputStream.open(FileInputStream.java:195)
	at java.io.FileInputStream.<init>(FileInputStream.java:138)
	at java.io.FileInputStream.<init>(FileInputStream.java:93)
	at java.io.FileReader.<init>(FileReader.java:58)
	at Utils.DatabaseUtility.getDatabaseConfig(DatabaseUtility.java:42)
	at Utils.DatabaseUtility.<init>(DatabaseUtility.java:21)
	at DAO.WarRoomDbLinksDAO.isDbLinkSuccess(WarRoomDbLinksDAO.java:131)
	at foxlink.WarRoomDbThread$1.run(WarRoomDbThread.java:35)
	at java.util.concurrent.Executors$RunnableAdapter.call(Executors.java:511)
	at java.util.concurrent.FutureTask.runAndReset(FutureTask.java:308)
	at java.util.concurrent.ScheduledThreadPoolExecutor$ScheduledFutureTask.access$301(ScheduledThreadPoolExecutor.java:180)
	at java.util.concurrent.ScheduledThreadPoolExecutor$ScheduledFutureTask.run(ScheduledThreadPoolExecutor.java:294)
	at java.util.concurrent.ThreadPoolExecutor.runWorker(ThreadPoolExecutor.java:1142)
	at java.util.concurrent.ThreadPoolExecutor$Worker.run(ThreadPoolExecutor.java:617)
	at java.lang.Thread.run(Thread.java:745)
2018-05-08 10:09:12  [ foxlink.WarRoomDbThread$1.run(WarRoomDbThread.java:56):foxlink.WarRoomDbThread:pool-10-thread-1:59 ] - [ ERROR ]  java.lang.NullPointerException
2018-05-08 10:09:12  [ DAO.WarRoomDbLinksDAO.isDbLinkSuccess(WarRoomDbLinksDAO.java:146):DAO.AlarmMessageDAO:pool-1-thread-1:35 ] - [ ERROR ]  select data from AS dsg is failed, due to : 
java.io.FileNotFoundException: C:\Users\Administrator\Desktop\WarRoomDbLink\dbConfig.json (系统找不到指定的路径。)
	at java.io.FileInputStream.open0(Native Method)
	at java.io.FileInputStream.open(FileInputStream.java:195)
	at java.io.FileInputStream.<init>(FileInputStream.java:138)
	at java.io.FileInputStream.<init>(FileInputStream.java:93)
	at java.io.FileReader.<init>(FileReader.java:58)
	at Utils.DatabaseUtility.getDatabaseConfig(DatabaseUtility.java:42)
	at Utils.DatabaseUtility.<init>(DatabaseUtility.java:21)
	at DAO.WarRoomDbLinksDAO.isDbLinkSuccess(WarRoomDbLinksDAO.java:131)
	at foxlink.WarRoomDbThread$1.run(WarRoomDbThread.java:35)
	at java.util.concurrent.Executors$RunnableAdapter.call(Executors.java:511)
	at java.util.concurrent.FutureTask.runAndReset(FutureTask.java:308)
	at java.util.concurrent.ScheduledThreadPoolExecutor$ScheduledFutureTask.access$301(ScheduledThreadPoolExecutor.java:180)
	at java.util.concurrent.ScheduledThreadPoolExecutor$ScheduledFutureTask.run(ScheduledThreadPoolExecutor.java:294)
	at java.util.concurrent.ThreadPoolExecutor.runWorker(ThreadPoolExecutor.java:1142)
	at java.util.concurrent.ThreadPoolExecutor$Worker.run(ThreadPoolExecutor.java:617)
	at java.lang.Thread.run(Thread.java:745)
2018-05-08 10:09:12  [ foxlink.WarRoomDbThread$1.run(WarRoomDbThread.java:56):foxlink.WarRoomDbThread:pool-1-thread-1:60 ] - [ ERROR ]  java.lang.NullPointerException
2018-05-08 10:09:12  [ DAO.WarRoomDbLinksDAO.isDbLinkSuccess(WarRoomDbLinksDAO.java:146):DAO.AlarmMessageDAO:pool-7-thread-1:35 ] - [ ERROR ]  select data from CEBUNC dsg is failed, due to : 
java.io.FileNotFoundException: C:\Users\Administrator\Desktop\WarRoomDbLink\dbConfig.json (系统找不到指定的路径。)
	at java.io.FileInputStream.open0(Native Method)
	at java.io.FileInputStream.open(FileInputStream.java:195)
	at java.io.FileInputStream.<init>(FileInputStream.java:138)
	at java.io.FileInputStream.<init>(FileInputStream.java:93)
	at java.io.FileReader.<init>(FileReader.java:58)
	at Utils.DatabaseUtility.getDatabaseConfig(DatabaseUtility.java:42)
	at Utils.DatabaseUtility.<init>(DatabaseUtility.java:21)
	at DAO.WarRoomDbLinksDAO.isDbLinkSuccess(WarRoomDbLinksDAO.java:131)
	at foxlink.WarRoomDbThread$1.run(WarRoomDbThread.java:35)
	at java.util.concurrent.Executors$RunnableAdapter.call(Executors.java:511)
	at java.util.concurrent.FutureTask.runAndReset(FutureTask.java:308)
	at java.util.concurrent.ScheduledThreadPoolExecutor$ScheduledFutureTask.access$301(ScheduledThreadPoolExecutor.java:180)
	at java.util.concurrent.ScheduledThreadPoolExecutor$ScheduledFutureTask.run(ScheduledThreadPoolExecutor.java:294)
	at java.util.concurrent.ThreadPoolExecutor.runWorker(ThreadPoolExecutor.java:1142)
	at java.util.concurrent.ThreadPoolExecutor$Worker.run(ThreadPoolExecutor.java:617)
	at java.lang.Thread.run(Thread.java:745)
2018-05-08 10:09:12  [ foxlink.WarRoomDbThread$1.run(WarRoomDbThread.java:56):foxlink.WarRoomDbThread:pool-7-thread-1:60 ] - [ ERROR ]  java.lang.NullPointerException
2018-05-08 10:09:12  [ DAO.WarRoomDbLinksDAO.isDbLinkSuccess(WarRoomDbLinksDAO.java:146):DAO.AlarmMessageDAO:pool-9-thread-1:35 ] - [ ERROR ]  select data from KSCSBG dsg is failed, due to : 
java.io.FileNotFoundException: C:\Users\Administrator\Desktop\WarRoomDbLink\dbConfig.json (系统找不到指定的路径。)
	at java.io.FileInputStream.open0(Native Method)
	at java.io.FileInputStream.open(FileInputStream.java:195)
	at java.io.FileInputStream.<init>(FileInputStream.java:138)
	at java.io.FileInputStream.<init>(FileInputStream.java:93)
	at java.io.FileReader.<init>(FileReader.java:58)
	at Utils.DatabaseUtility.getDatabaseConfig(DatabaseUtility.java:42)
	at Utils.DatabaseUtility.<init>(DatabaseUtility.java:21)
	at DAO.WarRoomDbLinksDAO.isDbLinkSuccess(WarRoomDbLinksDAO.java:131)
	at foxlink.WarRoomDbThread$1.run(WarRoomDbThread.java:35)
	at java.util.concurrent.Executors$RunnableAdapter.call(Executors.java:511)
	at java.util.concurrent.FutureTask.runAndReset(FutureTask.java:308)
	at java.util.concurrent.ScheduledThreadPoolExecutor$ScheduledFutureTask.access$301(ScheduledThreadPoolExecutor.java:180)
	at java.util.concurrent.ScheduledThreadPoolExecutor$ScheduledFutureTask.run(ScheduledThreadPoolExecutor.java:294)
	at java.util.concurrent.ThreadPoolExecutor.runWorker(ThreadPoolExecutor.java:1142)
	at java.util.concurrent.ThreadPoolExecutor$Worker.run(ThreadPoolExecutor.java:617)
	at java.lang.Thread.run(Thread.java:745)
2018-05-08 10:09:12  [ foxlink.WarRoomDbThread$1.run(WarRoomDbThread.java:56):foxlink.WarRoomDbThread:pool-9-thread-1:61 ] - [ ERROR ]  java.lang.NullPointerException
2018-05-08 10:09:12  [ DAO.WarRoomDbLinksDAO.isDbLinkSuccess(WarRoomDbLinksDAO.java:146):DAO.AlarmMessageDAO:pool-2-thread-1:35 ] - [ ERROR ]  select data from SFC2ERP dsg is failed, due to : 
java.io.FileNotFoundException: C:\Users\Administrator\Desktop\WarRoomDbLink\dbConfig.json (系统找不到指定的路径。)
	at java.io.FileInputStream.open0(Native Method)
	at java.io.FileInputStream.open(FileInputStream.java:195)
	at java.io.FileInputStream.<init>(FileInputStream.java:138)
	at java.io.FileInputStream.<init>(FileInputStream.java:93)
	at java.io.FileReader.<init>(FileReader.java:58)
	at Utils.DatabaseUtility.getDatabaseConfig(DatabaseUtility.java:42)
	at Utils.DatabaseUtility.<init>(DatabaseUtility.java:21)
	at DAO.WarRoomDbLinksDAO.isDbLinkSuccess(WarRoomDbLinksDAO.java:131)
	at foxlink.WarRoomDbThread$1.run(WarRoomDbThread.java:35)
	at java.util.concurrent.Executors$RunnableAdapter.call(Executors.java:511)
	at java.util.concurrent.FutureTask.runAndReset(FutureTask.java:308)
	at java.util.concurrent.ScheduledThreadPoolExecutor$ScheduledFutureTask.access$301(ScheduledThreadPoolExecutor.java:180)
	at java.util.concurrent.ScheduledThreadPoolExecutor$ScheduledFutureTask.run(ScheduledThreadPoolExecutor.java:294)
	at java.util.concurrent.ThreadPoolExecutor.runWorker(ThreadPoolExecutor.java:1142)
	at java.util.concurrent.ThreadPoolExecutor$Worker.run(ThreadPoolExecutor.java:617)
	at java.lang.Thread.run(Thread.java:745)
2018-05-08 10:09:12  [ foxlink.WarRoomDbThread$1.run(WarRoomDbThread.java:56):foxlink.WarRoomDbThread:pool-2-thread-1:62 ] - [ ERROR ]  java.lang.NullPointerException
2018-05-08 10:09:12  [ DAO.WarRoomDbLinksDAO.isDbLinkSuccess(WarRoomDbLinksDAO.java:146):DAO.AlarmMessageDAO:pool-8-thread-1:35 ] - [ ERROR ]  select data from KSSCBG dsg is failed, due to : 
java.io.FileNotFoundException: C:\Users\Administrator\Desktop\WarRoomDbLink\dbConfig.json (系统找不到指定的路径。)
	at java.io.FileInputStream.open0(Native Method)
	at java.io.FileInputStream.open(FileInputStream.java:195)
	at java.io.FileInputStream.<init>(FileInputStream.java:138)
	at java.io.FileInputStream.<init>(FileInputStream.java:93)
	at java.io.FileReader.<init>(FileReader.java:58)
	at Utils.DatabaseUtility.getDatabaseConfig(DatabaseUtility.java:42)
	at Utils.DatabaseUtility.<init>(DatabaseUtility.java:21)
	at DAO.WarRoomDbLinksDAO.isDbLinkSuccess(WarRoomDbLinksDAO.java:131)
	at foxlink.WarRoomDbThread$1.run(WarRoomDbThread.java:35)
	at java.util.concurrent.Executors$RunnableAdapter.call(Executors.java:511)
	at java.util.concurrent.FutureTask.runAndReset(FutureTask.java:308)
	at java.util.concurrent.ScheduledThreadPoolExecutor$ScheduledFutureTask.access$301(ScheduledThreadPoolExecutor.java:180)
	at java.util.concurrent.ScheduledThreadPoolExecutor$ScheduledFutureTask.run(ScheduledThreadPoolExecutor.java:294)
	at java.util.concurrent.ThreadPoolExecutor.runWorker(ThreadPoolExecutor.java:1142)
	at java.util.concurrent.ThreadPoolExecutor$Worker.run(ThreadPoolExecutor.java:617)
	at java.lang.Thread.run(Thread.java:745)
2018-05-08 10:09:12  [ DAO.WarRoomDbLinksDAO.isDbLinkSuccess(WarRoomDbLinksDAO.java:146):DAO.AlarmMessageDAO:pool-4-thread-1:35 ] - [ ERROR ]  select data from TAURUSDG dsg is failed, due to : 
java.io.FileNotFoundException: C:\Users\Administrator\Desktop\WarRoomDbLink\dbConfig.json (系统找不到指定的路径。)
	at java.io.FileInputStream.open0(Native Method)
	at java.io.FileInputStream.open(FileInputStream.java:195)
	at java.io.FileInputStream.<init>(FileInputStream.java:138)
	at java.io.FileInputStream.<init>(FileInputStream.java:93)
	at java.io.FileReader.<init>(FileReader.java:58)
	at Utils.DatabaseUtility.getDatabaseConfig(DatabaseUtility.java:42)
	at Utils.DatabaseUtility.<init>(DatabaseUtility.java:21)
	at DAO.WarRoomDbLinksDAO.isDbLinkSuccess(WarRoomDbLinksDAO.java:131)
	at foxlink.WarRoomDbThread$1.run(WarRoomDbThread.java:35)
	at java.util.concurrent.Executors$RunnableAdapter.call(Executors.java:511)
	at java.util.concurrent.FutureTask.runAndReset(FutureTask.java:308)
	at java.util.concurrent.ScheduledThreadPoolExecutor$ScheduledFutureTask.access$301(ScheduledThreadPoolExecutor.java:180)
	at java.util.concurrent.ScheduledThreadPoolExecutor$ScheduledFutureTask.run(ScheduledThreadPoolExecutor.java:294)
	at java.util.concurrent.ThreadPoolExecutor.runWorker(ThreadPoolExecutor.java:1142)
	at java.util.concurrent.ThreadPoolExecutor$Worker.run(ThreadPoolExecutor.java:617)
	at java.lang.Thread.run(Thread.java:745)
2018-05-08 10:09:12  [ DAO.WarRoomDbLinksDAO.isDbLinkSuccess(WarRoomDbLinksDAO.java:146):DAO.AlarmMessageDAO:pool-5-thread-1:35 ] - [ ERROR ]  select data from B9 dsg is failed, due to : 
java.io.FileNotFoundException: C:\Users\Administrator\Desktop\WarRoomDbLink\dbConfig.json (系统找不到指定的路径。)
	at java.io.FileInputStream.open0(Native Method)
	at java.io.FileInputStream.open(FileInputStream.java:195)
	at java.io.FileInputStream.<init>(FileInputStream.java:138)
	at java.io.FileInputStream.<init>(FileInputStream.java:93)
	at java.io.FileReader.<init>(FileReader.java:58)
	at Utils.DatabaseUtility.getDatabaseConfig(DatabaseUtility.java:42)
	at Utils.DatabaseUtility.<init>(DatabaseUtility.java:21)
	at DAO.WarRoomDbLinksDAO.isDbLinkSuccess(WarRoomDbLinksDAO.java:131)
	at foxlink.WarRoomDbThread$1.run(WarRoomDbThread.java:35)
	at java.util.concurrent.Executors$RunnableAdapter.call(Executors.java:511)
	at java.util.concurrent.FutureTask.runAndReset(FutureTask.java:308)
	at java.util.concurrent.ScheduledThreadPoolExecutor$ScheduledFutureTask.access$301(ScheduledThreadPoolExecutor.java:180)
	at java.util.concurrent.ScheduledThreadPoolExecutor$ScheduledFutureTask.run(ScheduledThreadPoolExecutor.java:294)
	at java.util.concurrent.ThreadPoolExecutor.runWorker(ThreadPoolExecutor.java:1142)
	at java.util.concurrent.ThreadPoolExecutor$Worker.run(ThreadPoolExecutor.java:617)
	at java.lang.Thread.run(Thread.java:745)
2018-05-08 10:09:12  [ foxlink.WarRoomDbThread$1.run(WarRoomDbThread.java:56):foxlink.WarRoomDbThread:pool-4-thread-1:63 ] - [ ERROR ]  java.lang.NullPointerException
2018-05-08 10:09:12  [ foxlink.WarRoomDbThread$1.run(WarRoomDbThread.java:56):foxlink.WarRoomDbThread:pool-8-thread-1:62 ] - [ ERROR ]  java.lang.NullPointerException
2018-05-08 10:09:12  [ foxlink.WarRoomDbThread$1.run(WarRoomDbThread.java:56):foxlink.WarRoomDbThread:pool-6-thread-1:57 ] - [ ERROR ]  java.lang.NullPointerException
2018-05-08 10:09:12  [ foxlink.WarRoomDbThread$1.run(WarRoomDbThread.java:56):foxlink.WarRoomDbThread:pool-3-thread-1:56 ] - [ ERROR ]  java.lang.NullPointerException
2018-05-08 10:09:12  [ foxlink.WarRoomDbThread$1.run(WarRoomDbThread.java:56):foxlink.WarRoomDbThread:pool-5-thread-1:63 ] - [ ERROR ]  java.lang.NullPointerException
2018-05-08 10:09:17  [ DAO.AlarmMessageDAO.getAlarmMessages(AlarmMessageDAO.java:71):DAO.AlarmMessageDAO:pool-12-thread-1:5034 ] - [ ERROR ]  Get Alarm Message is failed, due to: 
java.io.FileNotFoundException: C:\Users\Administrator\Desktop\WarRoomDbLink\dbConfig.json (系统找不到指定的路径。)
	at java.io.FileInputStream.open0(Native Method)
	at java.io.FileInputStream.open(FileInputStream.java:195)
	at java.io.FileInputStream.<init>(FileInputStream.java:138)
	at java.io.FileInputStream.<init>(FileInputStream.java:93)
	at java.io.FileReader.<init>(FileReader.java:58)
	at Utils.DatabaseUtility.getDatabaseConfig(DatabaseUtility.java:42)
	at Utils.DatabaseUtility.<init>(DatabaseUtility.java:21)
	at DAO.AlarmMessageDAO.getAlarmMessages(AlarmMessageDAO.java:29)
	at foxlink.WeChatThread$1.run(WeChatThread.java:247)
	at java.util.concurrent.Executors$RunnableAdapter.call(Executors.java:511)
	at java.util.concurrent.FutureTask.runAndReset(FutureTask.java:308)
	at java.util.concurrent.ScheduledThreadPoolExecutor$ScheduledFutureTask.access$301(ScheduledThreadPoolExecutor.java:180)
	at java.util.concurrent.ScheduledThreadPoolExecutor$ScheduledFutureTask.run(ScheduledThreadPoolExecutor.java:294)
	at java.util.concurrent.ThreadPoolExecutor.runWorker(ThreadPoolExecutor.java:1142)
	at java.util.concurrent.ThreadPoolExecutor$Worker.run(ThreadPoolExecutor.java:617)
	at java.lang.Thread.run(Thread.java:745)
2018-05-08 10:09:17  [ foxlink.WeChatThread$1.run(WeChatThread.java:284):foxlink.WarRoomDbThread:pool-12-thread-1:5035 ] - [ ERROR ]  java.lang.NullPointerException
2018-05-08 10:11:23  [ DAO.WarRoomDbLinksDAO.isDbLinkSuccess(WarRoomDbLinksDAO.java:146):DAO.AlarmMessageDAO:pool-1-thread-1:14 ] - [ ERROR ]  select data from AS dsg is failed, due to : 
java.io.FileNotFoundException: C:\Users\Administrator\Desktop\WarRoomDbLink\dbConfig.json (系统找不到指定的路径。)
	at java.io.FileInputStream.open0(Native Method)
	at java.io.FileInputStream.open(FileInputStream.java:195)
	at java.io.FileInputStream.<init>(FileInputStream.java:138)
	at java.io.FileInputStream.<init>(FileInputStream.java:93)
	at java.io.FileReader.<init>(FileReader.java:58)
	at Utils.DatabaseUtility.getDatabaseConfig(DatabaseUtility.java:42)
	at Utils.DatabaseUtility.<init>(DatabaseUtility.java:21)
	at DAO.WarRoomDbLinksDAO.isDbLinkSuccess(WarRoomDbLinksDAO.java:131)
	at foxlink.WarRoomDbThread$1.run(WarRoomDbThread.java:35)
	at java.util.concurrent.Executors$RunnableAdapter.call(Executors.java:511)
	at java.util.concurrent.FutureTask.runAndReset(FutureTask.java:308)
	at java.util.concurrent.ScheduledThreadPoolExecutor$ScheduledFutureTask.access$301(ScheduledThreadPoolExecutor.java:180)
	at java.util.concurrent.ScheduledThreadPoolExecutor$ScheduledFutureTask.run(ScheduledThreadPoolExecutor.java:294)
	at java.util.concurrent.ThreadPoolExecutor.runWorker(ThreadPoolExecutor.java:1142)
	at java.util.concurrent.ThreadPoolExecutor$Worker.run(ThreadPoolExecutor.java:617)
	at java.lang.Thread.run(Thread.java:745)
2018-05-08 10:11:23  [ DAO.WarRoomDbLinksDAO.isDbLinkSuccess(WarRoomDbLinksDAO.java:146):DAO.AlarmMessageDAO:pool-11-thread-1:15 ] - [ ERROR ]  select data from XZCEBU dsg is failed, due to : 
java.io.FileNotFoundException: C:\Users\Administrator\Desktop\WarRoomDbLink\dbConfig.json (系统找不到指定的路径。)
	at java.io.FileInputStream.open0(Native Method)
	at java.io.FileInputStream.open(FileInputStream.java:195)
	at java.io.FileInputStream.<init>(FileInputStream.java:138)
	at java.io.FileInputStream.<init>(FileInputStream.java:93)
	at java.io.FileReader.<init>(FileReader.java:58)
	at Utils.DatabaseUtility.getDatabaseConfig(DatabaseUtility.java:42)
	at Utils.DatabaseUtility.<init>(DatabaseUtility.java:21)
	at DAO.WarRoomDbLinksDAO.isDbLinkSuccess(WarRoomDbLinksDAO.java:131)
	at foxlink.WarRoomDbThread$1.run(WarRoomDbThread.java:35)
	at java.util.concurrent.Executors$RunnableAdapter.call(Executors.java:511)
	at java.util.concurrent.FutureTask.runAndReset(FutureTask.java:308)
	at java.util.concurrent.ScheduledThreadPoolExecutor$ScheduledFutureTask.access$301(ScheduledThreadPoolExecutor.java:180)
	at java.util.concurrent.ScheduledThreadPoolExecutor$ScheduledFutureTask.run(ScheduledThreadPoolExecutor.java:294)
	at java.util.concurrent.ThreadPoolExecutor.runWorker(ThreadPoolExecutor.java:1142)
	at java.util.concurrent.ThreadPoolExecutor$Worker.run(ThreadPoolExecutor.java:617)
	at java.lang.Thread.run(Thread.java:745)
2018-05-08 10:11:23  [ foxlink.WarRoomDbThread$1.run(WarRoomDbThread.java:56):foxlink.WarRoomDbThread:pool-11-thread-1:27 ] - [ ERROR ]  java.lang.NullPointerException
2018-05-08 10:11:23  [ DAO.WarRoomDbLinksDAO.isDbLinkSuccess(WarRoomDbLinksDAO.java:146):DAO.AlarmMessageDAO:pool-10-thread-1:15 ] - [ ERROR ]  select data from MASSCBG dsg is failed, due to : 
java.io.FileNotFoundException: C:\Users\Administrator\Desktop\WarRoomDbLink\dbConfig.json (系统找不到指定的路径。)
	at java.io.FileInputStream.open0(Native Method)
	at java.io.FileInputStream.open(FileInputStream.java:195)
	at java.io.FileInputStream.<init>(FileInputStream.java:138)
	at java.io.FileInputStream.<init>(FileInputStream.java:93)
	at java.io.FileReader.<init>(FileReader.java:58)
	at Utils.DatabaseUtility.getDatabaseConfig(DatabaseUtility.java:42)
	at Utils.DatabaseUtility.<init>(DatabaseUtility.java:21)
	at DAO.WarRoomDbLinksDAO.isDbLinkSuccess(WarRoomDbLinksDAO.java:131)
	at foxlink.WarRoomDbThread$1.run(WarRoomDbThread.java:35)
	at java.util.concurrent.Executors$RunnableAdapter.call(Executors.java:511)
	at java.util.concurrent.FutureTask.runAndReset(FutureTask.java:308)
	at java.util.concurrent.ScheduledThreadPoolExecutor$ScheduledFutureTask.access$301(ScheduledThreadPoolExecutor.java:180)
	at java.util.concurrent.ScheduledThreadPoolExecutor$ScheduledFutureTask.run(ScheduledThreadPoolExecutor.java:294)
	at java.util.concurrent.ThreadPoolExecutor.runWorker(ThreadPoolExecutor.java:1142)
	at java.util.concurrent.ThreadPoolExecutor$Worker.run(ThreadPoolExecutor.java:617)
	at java.lang.Thread.run(Thread.java:745)
2018-05-08 10:11:23  [ DAO.WarRoomDbLinksDAO.isDbLinkSuccess(WarRoomDbLinksDAO.java:146):DAO.AlarmMessageDAO:pool-2-thread-1:15 ] - [ ERROR ]  select data from SFC2ERP dsg is failed, due to : 
java.io.FileNotFoundException: C:\Users\Administrator\Desktop\WarRoomDbLink\dbConfig.json (系统找不到指定的路径。)
	at java.io.FileInputStream.open0(Native Method)
	at java.io.FileInputStream.open(FileInputStream.java:195)
	at java.io.FileInputStream.<init>(FileInputStream.java:138)
	at java.io.FileInputStream.<init>(FileInputStream.java:93)
	at java.io.FileReader.<init>(FileReader.java:58)
	at Utils.DatabaseUtility.getDatabaseConfig(DatabaseUtility.java:42)
	at Utils.DatabaseUtility.<init>(DatabaseUtility.java:21)
	at DAO.WarRoomDbLinksDAO.isDbLinkSuccess(WarRoomDbLinksDAO.java:131)
	at foxlink.WarRoomDbThread$1.run(WarRoomDbThread.java:35)
	at java.util.concurrent.Executors$RunnableAdapter.call(Executors.java:511)
	at java.util.concurrent.FutureTask.runAndReset(FutureTask.java:308)
	at java.util.concurrent.ScheduledThreadPoolExecutor$ScheduledFutureTask.access$301(ScheduledThreadPoolExecutor.java:180)
	at java.util.concurrent.ScheduledThreadPoolExecutor$ScheduledFutureTask.run(ScheduledThreadPoolExecutor.java:294)
	at java.util.concurrent.ThreadPoolExecutor.runWorker(ThreadPoolExecutor.java:1142)
	at java.util.concurrent.ThreadPoolExecutor$Worker.run(ThreadPoolExecutor.java:617)
	at java.lang.Thread.run(Thread.java:745)
2018-05-08 10:11:23  [ DAO.WarRoomDbLinksDAO.isDbLinkSuccess(WarRoomDbLinksDAO.java:146):DAO.AlarmMessageDAO:pool-9-thread-1:15 ] - [ ERROR ]  select data from KSCSBG dsg is failed, due to : 
java.io.FileNotFoundException: C:\Users\Administrator\Desktop\WarRoomDbLink\dbConfig.json (系统找不到指定的路径。)
	at java.io.FileInputStream.open0(Native Method)
	at java.io.FileInputStream.open(FileInputStream.java:195)
	at java.io.FileInputStream.<init>(FileInputStream.java:138)
	at java.io.FileInputStream.<init>(FileInputStream.java:93)
	at java.io.FileReader.<init>(FileReader.java:58)
	at Utils.DatabaseUtility.getDatabaseConfig(DatabaseUtility.java:42)
	at Utils.DatabaseUtility.<init>(DatabaseUtility.java:21)
	at DAO.WarRoomDbLinksDAO.isDbLinkSuccess(WarRoomDbLinksDAO.java:131)
	at foxlink.WarRoomDbThread$1.run(WarRoomDbThread.java:35)
	at java.util.concurrent.Executors$RunnableAdapter.call(Executors.java:511)
	at java.util.concurrent.FutureTask.runAndReset(FutureTask.java:308)
	at java.util.concurrent.ScheduledThreadPoolExecutor$ScheduledFutureTask.access$301(ScheduledThreadPoolExecutor.java:180)
	at java.util.concurrent.ScheduledThreadPoolExecutor$ScheduledFutureTask.run(ScheduledThreadPoolExecutor.java:294)
	at java.util.concurrent.ThreadPoolExecutor.runWorker(ThreadPoolExecutor.java:1142)
	at java.util.concurrent.ThreadPoolExecutor$Worker.run(ThreadPoolExecutor.java:617)
	at java.lang.Thread.run(Thread.java:745)
2018-05-08 10:11:23  [ foxlink.WarRoomDbThread$1.run(WarRoomDbThread.java:56):foxlink.WarRoomDbThread:pool-9-thread-1:34 ] - [ ERROR ]  java.lang.NullPointerException
2018-05-08 10:11:23  [ DAO.WarRoomDbLinksDAO.isDbLinkSuccess(WarRoomDbLinksDAO.java:146):DAO.AlarmMessageDAO:pool-8-thread-1:15 ] - [ ERROR ]  select data from KSSCBG dsg is failed, due to : 
java.io.FileNotFoundException: C:\Users\Administrator\Desktop\WarRoomDbLink\dbConfig.json (系统找不到指定的路径。)
	at java.io.FileInputStream.open0(Native Method)
	at java.io.FileInputStream.open(FileInputStream.java:195)
	at java.io.FileInputStream.<init>(FileInputStream.java:138)
	at java.io.FileInputStream.<init>(FileInputStream.java:93)
	at java.io.FileReader.<init>(FileReader.java:58)
	at Utils.DatabaseUtility.getDatabaseConfig(DatabaseUtility.java:42)
	at Utils.DatabaseUtility.<init>(DatabaseUtility.java:21)
	at DAO.WarRoomDbLinksDAO.isDbLinkSuccess(WarRoomDbLinksDAO.java:131)
	at foxlink.WarRoomDbThread$1.run(WarRoomDbThread.java:35)
	at java.util.concurrent.Executors$RunnableAdapter.call(Executors.java:511)
	at java.util.concurrent.FutureTask.runAndReset(FutureTask.java:308)
	at java.util.concurrent.ScheduledThreadPoolExecutor$ScheduledFutureTask.access$301(ScheduledThreadPoolExecutor.java:180)
	at java.util.concurrent.ScheduledThreadPoolExecutor$ScheduledFutureTask.run(ScheduledThreadPoolExecutor.java:294)
	at java.util.concurrent.ThreadPoolExecutor.runWorker(ThreadPoolExecutor.java:1142)
	at java.util.concurrent.ThreadPoolExecutor$Worker.run(ThreadPoolExecutor.java:617)
	at java.lang.Thread.run(Thread.java:745)
2018-05-08 10:11:23  [ foxlink.WarRoomDbThread$1.run(WarRoomDbThread.java:56):foxlink.WarRoomDbThread:pool-8-thread-1:34 ] - [ ERROR ]  java.lang.NullPointerException
2018-05-08 10:11:23  [ DAO.WarRoomDbLinksDAO.isDbLinkSuccess(WarRoomDbLinksDAO.java:146):DAO.AlarmMessageDAO:pool-3-thread-1:14 ] - [ ERROR ]  select data from EXCALIBUR dsg is failed, due to : 
java.io.FileNotFoundException: C:\Users\Administrator\Desktop\WarRoomDbLink\dbConfig.json (系统找不到指定的路径。)
	at java.io.FileInputStream.open0(Native Method)
	at java.io.FileInputStream.open(FileInputStream.java:195)
	at java.io.FileInputStream.<init>(FileInputStream.java:138)
	at java.io.FileInputStream.<init>(FileInputStream.java:93)
	at java.io.FileReader.<init>(FileReader.java:58)
	at Utils.DatabaseUtility.getDatabaseConfig(DatabaseUtility.java:42)
	at Utils.DatabaseUtility.<init>(DatabaseUtility.java:21)
	at DAO.WarRoomDbLinksDAO.isDbLinkSuccess(WarRoomDbLinksDAO.java:131)
	at foxlink.WarRoomDbThread$1.run(WarRoomDbThread.java:35)
	at java.util.concurrent.Executors$RunnableAdapter.call(Executors.java:511)
	at java.util.concurrent.FutureTask.runAndReset(FutureTask.java:308)
	at java.util.concurrent.ScheduledThreadPoolExecutor$ScheduledFutureTask.access$301(ScheduledThreadPoolExecutor.java:180)
	at java.util.concurrent.ScheduledThreadPoolExecutor$ScheduledFutureTask.run(ScheduledThreadPoolExecutor.java:294)
	at java.util.concurrent.ThreadPoolExecutor.runWorker(ThreadPoolExecutor.java:1142)
	at java.util.concurrent.ThreadPoolExecutor$Worker.run(ThreadPoolExecutor.java:617)
	at java.lang.Thread.run(Thread.java:745)
2018-05-08 10:11:23  [ DAO.WarRoomDbLinksDAO.isDbLinkSuccess(WarRoomDbLinksDAO.java:146):DAO.AlarmMessageDAO:pool-5-thread-1:14 ] - [ ERROR ]  select data from B9 dsg is failed, due to : 
java.io.FileNotFoundException: C:\Users\Administrator\Desktop\WarRoomDbLink\dbConfig.json (系统找不到指定的路径。)
	at java.io.FileInputStream.open0(Native Method)
	at java.io.FileInputStream.open(FileInputStream.java:195)
	at java.io.FileInputStream.<init>(FileInputStream.java:138)
	at java.io.FileInputStream.<init>(FileInputStream.java:93)
	at java.io.FileReader.<init>(FileReader.java:58)
	at Utils.DatabaseUtility.getDatabaseConfig(DatabaseUtility.java:42)
	at Utils.DatabaseUtility.<init>(DatabaseUtility.java:21)
	at DAO.WarRoomDbLinksDAO.isDbLinkSuccess(WarRoomDbLinksDAO.java:131)
	at foxlink.WarRoomDbThread$1.run(WarRoomDbThread.java:35)
	at java.util.concurrent.Executors$RunnableAdapter.call(Executors.java:511)
	at java.util.concurrent.FutureTask.runAndReset(FutureTask.java:308)
	at java.util.concurrent.ScheduledThreadPoolExecutor$ScheduledFutureTask.access$301(ScheduledThreadPoolExecutor.java:180)
	at java.util.concurrent.ScheduledThreadPoolExecutor$ScheduledFutureTask.run(ScheduledThreadPoolExecutor.java:294)
	at java.util.concurrent.ThreadPoolExecutor.runWorker(ThreadPoolExecutor.java:1142)
	at java.util.concurrent.ThreadPoolExecutor$Worker.run(ThreadPoolExecutor.java:617)
	at java.lang.Thread.run(Thread.java:745)
2018-05-08 10:11:23  [ DAO.WarRoomDbLinksDAO.isDbLinkSuccess(WarRoomDbLinksDAO.java:146):DAO.AlarmMessageDAO:pool-4-thread-1:14 ] - [ ERROR ]  select data from TAURUSDG dsg is failed, due to : 
java.io.FileNotFoundException: C:\Users\Administrator\Desktop\WarRoomDbLink\dbConfig.json (系统找不到指定的路径。)
	at java.io.FileInputStream.open0(Native Method)
	at java.io.FileInputStream.open(FileInputStream.java:195)
	at java.io.FileInputStream.<init>(FileInputStream.java:138)
	at java.io.FileInputStream.<init>(FileInputStream.java:93)
	at java.io.FileReader.<init>(FileReader.java:58)
	at Utils.DatabaseUtility.getDatabaseConfig(DatabaseUtility.java:42)
	at Utils.DatabaseUtility.<init>(DatabaseUtility.java:21)
	at DAO.WarRoomDbLinksDAO.isDbLinkSuccess(WarRoomDbLinksDAO.java:131)
	at foxlink.WarRoomDbThread$1.run(WarRoomDbThread.java:35)
	at java.util.concurrent.Executors$RunnableAdapter.call(Executors.java:511)
	at java.util.concurrent.FutureTask.runAndReset(FutureTask.java:308)
	at java.util.concurrent.ScheduledThreadPoolExecutor$ScheduledFutureTask.access$301(ScheduledThreadPoolExecutor.java:180)
	at java.util.concurrent.ScheduledThreadPoolExecutor$ScheduledFutureTask.run(ScheduledThreadPoolExecutor.java:294)
	at java.util.concurrent.ThreadPoolExecutor.runWorker(ThreadPoolExecutor.java:1142)
	at java.util.concurrent.ThreadPoolExecutor$Worker.run(ThreadPoolExecutor.java:617)
	at java.lang.Thread.run(Thread.java:745)
2018-05-08 10:11:23  [ DAO.WarRoomDbLinksDAO.isDbLinkSuccess(WarRoomDbLinksDAO.java:146):DAO.AlarmMessageDAO:pool-7-thread-1:14 ] - [ ERROR ]  select data from CEBUNC dsg is failed, due to : 
java.io.FileNotFoundException: C:\Users\Administrator\Desktop\WarRoomDbLink\dbConfig.json (系统找不到指定的路径。)
	at java.io.FileInputStream.open0(Native Method)
	at java.io.FileInputStream.open(FileInputStream.java:195)
	at java.io.FileInputStream.<init>(FileInputStream.java:138)
	at java.io.FileInputStream.<init>(FileInputStream.java:93)
	at java.io.FileReader.<init>(FileReader.java:58)
	at Utils.DatabaseUtility.getDatabaseConfig(DatabaseUtility.java:42)
	at Utils.DatabaseUtility.<init>(DatabaseUtility.java:21)
	at DAO.WarRoomDbLinksDAO.isDbLinkSuccess(WarRoomDbLinksDAO.java:131)
	at foxlink.WarRoomDbThread$1.run(WarRoomDbThread.java:35)
	at java.util.concurrent.Executors$RunnableAdapter.call(Executors.java:511)
	at java.util.concurrent.FutureTask.runAndReset(FutureTask.java:308)
	at java.util.concurrent.ScheduledThreadPoolExecutor$ScheduledFutureTask.access$301(ScheduledThreadPoolExecutor.java:180)
	at java.util.concurrent.ScheduledThreadPoolExecutor$ScheduledFutureTask.run(ScheduledThreadPoolExecutor.java:294)
	at java.util.concurrent.ThreadPoolExecutor.runWorker(ThreadPoolExecutor.java:1142)
	at java.util.concurrent.ThreadPoolExecutor$Worker.run(ThreadPoolExecutor.java:617)
	at java.lang.Thread.run(Thread.java:745)
2018-05-08 10:11:23  [ DAO.WarRoomDbLinksDAO.isDbLinkSuccess(WarRoomDbLinksDAO.java:146):DAO.AlarmMessageDAO:pool-6-thread-1:14 ] - [ ERROR ]  select data from CEBU dsg is failed, due to : 
java.io.FileNotFoundException: C:\Users\Administrator\Desktop\WarRoomDbLink\dbConfig.json (系统找不到指定的路径。)
	at java.io.FileInputStream.open0(Native Method)
	at java.io.FileInputStream.open(FileInputStream.java:195)
	at java.io.FileInputStream.<init>(FileInputStream.java:138)
	at java.io.FileInputStream.<init>(FileInputStream.java:93)
	at java.io.FileReader.<init>(FileReader.java:58)
	at Utils.DatabaseUtility.getDatabaseConfig(DatabaseUtility.java:42)
	at Utils.DatabaseUtility.<init>(DatabaseUtility.java:21)
	at DAO.WarRoomDbLinksDAO.isDbLinkSuccess(WarRoomDbLinksDAO.java:131)
	at foxlink.WarRoomDbThread$1.run(WarRoomDbThread.java:35)
	at java.util.concurrent.Executors$RunnableAdapter.call(Executors.java:511)
	at java.util.concurrent.FutureTask.runAndReset(FutureTask.java:308)
	at java.util.concurrent.ScheduledThreadPoolExecutor$ScheduledFutureTask.access$301(ScheduledThreadPoolExecutor.java:180)
	at java.util.concurrent.ScheduledThreadPoolExecutor$ScheduledFutureTask.run(ScheduledThreadPoolExecutor.java:294)
	at java.util.concurrent.ThreadPoolExecutor.runWorker(ThreadPoolExecutor.java:1142)
	at java.util.concurrent.ThreadPoolExecutor$Worker.run(ThreadPoolExecutor.java:617)
	at java.lang.Thread.run(Thread.java:745)
2018-05-08 10:11:23  [ foxlink.WarRoomDbThread$1.run(WarRoomDbThread.java:56):foxlink.WarRoomDbThread:pool-7-thread-1:36 ] - [ ERROR ]  java.lang.NullPointerException
2018-05-08 10:11:23  [ foxlink.WarRoomDbThread$1.run(WarRoomDbThread.java:56):foxlink.WarRoomDbThread:pool-4-thread-1:35 ] - [ ERROR ]  java.lang.NullPointerException
2018-05-08 10:11:23  [ foxlink.WarRoomDbThread$1.run(WarRoomDbThread.java:56):foxlink.WarRoomDbThread:pool-5-thread-1:35 ] - [ ERROR ]  java.lang.NullPointerException
2018-05-08 10:11:23  [ foxlink.WarRoomDbThread$1.run(WarRoomDbThread.java:56):foxlink.WarRoomDbThread:pool-3-thread-1:35 ] - [ ERROR ]  java.lang.NullPointerException
2018-05-08 10:11:23  [ foxlink.WarRoomDbThread$1.run(WarRoomDbThread.java:56):foxlink.WarRoomDbThread:pool-2-thread-1:33 ] - [ ERROR ]  java.lang.NullPointerException
2018-05-08 10:11:23  [ foxlink.WarRoomDbThread$1.run(WarRoomDbThread.java:56):foxlink.WarRoomDbThread:pool-10-thread-1:32 ] - [ ERROR ]  java.lang.NullPointerException
2018-05-08 10:11:23  [ foxlink.WarRoomDbThread$1.run(WarRoomDbThread.java:56):foxlink.WarRoomDbThread:pool-1-thread-1:27 ] - [ ERROR ]  java.lang.NullPointerException
2018-05-08 10:11:23  [ foxlink.WarRoomDbThread$1.run(WarRoomDbThread.java:56):foxlink.WarRoomDbThread:pool-6-thread-1:36 ] - [ ERROR ]  java.lang.NullPointerException
2018-05-08 10:11:28  [ DAO.AlarmMessageDAO.getAlarmMessages(AlarmMessageDAO.java:71):DAO.AlarmMessageDAO:pool-12-thread-1:5009 ] - [ ERROR ]  Get Alarm Message is failed, due to: 
java.io.FileNotFoundException: C:\Users\Administrator\Desktop\WarRoomDbLink\dbConfig.json (系统找不到指定的路径。)
	at java.io.FileInputStream.open0(Native Method)
	at java.io.FileInputStream.open(FileInputStream.java:195)
	at java.io.FileInputStream.<init>(FileInputStream.java:138)
	at java.io.FileInputStream.<init>(FileInputStream.java:93)
	at java.io.FileReader.<init>(FileReader.java:58)
	at Utils.DatabaseUtility.getDatabaseConfig(DatabaseUtility.java:42)
	at Utils.DatabaseUtility.<init>(DatabaseUtility.java:21)
	at DAO.AlarmMessageDAO.getAlarmMessages(AlarmMessageDAO.java:29)
	at foxlink.WeChatThread$1.run(WeChatThread.java:247)
	at java.util.concurrent.Executors$RunnableAdapter.call(Executors.java:511)
	at java.util.concurrent.FutureTask.runAndReset(FutureTask.java:308)
	at java.util.concurrent.ScheduledThreadPoolExecutor$ScheduledFutureTask.access$301(ScheduledThreadPoolExecutor.java:180)
	at java.util.concurrent.ScheduledThreadPoolExecutor$ScheduledFutureTask.run(ScheduledThreadPoolExecutor.java:294)
	at java.util.concurrent.ThreadPoolExecutor.runWorker(ThreadPoolExecutor.java:1142)
	at java.util.concurrent.ThreadPoolExecutor$Worker.run(ThreadPoolExecutor.java:617)
	at java.lang.Thread.run(Thread.java:745)
2018-05-08 10:11:28  [ foxlink.WeChatThread$1.run(WeChatThread.java:284):foxlink.WarRoomDbThread:pool-12-thread-1:5013 ] - [ ERROR ]  java.lang.NullPointerException
2018-05-08 10:22:25  [ Utils.DatabaseUtility.getDatabaseConfig(DatabaseUtility.java:58):Utils.DatabaseUtility:pool-8-thread-1:19 ] - [ ERROR ]  Get dbConfig.json is failed, due to: 
java.io.FileNotFoundException: C:\Users\Administrator\Desktop\WarRoomDbLink\dbConfig.json (系统找不到指定的路径。)
	at java.io.FileInputStream.open0(Native Method)
	at java.io.FileInputStream.open(FileInputStream.java:195)
	at java.io.FileInputStream.<init>(FileInputStream.java:138)
	at java.io.FileInputStream.<init>(FileInputStream.java:93)
	at java.io.FileReader.<init>(FileReader.java:58)
	at Utils.DatabaseUtility.getDatabaseConfig(DatabaseUtility.java:47)
	at Utils.DatabaseUtility.<init>(DatabaseUtility.java:25)
	at DAO.WarRoomDbLinksDAO.isDbLinkSuccess(WarRoomDbLinksDAO.java:131)
	at foxlink.WarRoomDbThread$1.run(WarRoomDbThread.java:35)
	at java.util.concurrent.Executors$RunnableAdapter.call(Executors.java:511)
	at java.util.concurrent.FutureTask.runAndReset(FutureTask.java:308)
	at java.util.concurrent.ScheduledThreadPoolExecutor$ScheduledFutureTask.access$301(ScheduledThreadPoolExecutor.java:180)
	at java.util.concurrent.ScheduledThreadPoolExecutor$ScheduledFutureTask.run(ScheduledThreadPoolExecutor.java:294)
	at java.util.concurrent.ThreadPoolExecutor.runWorker(ThreadPoolExecutor.java:1142)
	at java.util.concurrent.ThreadPoolExecutor$Worker.run(ThreadPoolExecutor.java:617)
	at java.lang.Thread.run(Thread.java:745)
2018-05-08 10:22:25  [ Utils.DatabaseUtility.getDatabaseConfig(DatabaseUtility.java:58):Utils.DatabaseUtility:pool-5-thread-1:19 ] - [ ERROR ]  Get dbConfig.json is failed, due to: 
java.io.FileNotFoundException: C:\Users\Administrator\Desktop\WarRoomDbLink\dbConfig.json (系统找不到指定的路径。)
	at java.io.FileInputStream.open0(Native Method)
	at java.io.FileInputStream.open(FileInputStream.java:195)
	at java.io.FileInputStream.<init>(FileInputStream.java:138)
	at java.io.FileInputStream.<init>(FileInputStream.java:93)
	at java.io.FileReader.<init>(FileReader.java:58)
	at Utils.DatabaseUtility.getDatabaseConfig(DatabaseUtility.java:47)
	at Utils.DatabaseUtility.<init>(DatabaseUtility.java:25)
	at DAO.WarRoomDbLinksDAO.isDbLinkSuccess(WarRoomDbLinksDAO.java:131)
	at foxlink.WarRoomDbThread$1.run(WarRoomDbThread.java:35)
	at java.util.concurrent.Executors$RunnableAdapter.call(Executors.java:511)
	at java.util.concurrent.FutureTask.runAndReset(FutureTask.java:308)
	at java.util.concurrent.ScheduledThreadPoolExecutor$ScheduledFutureTask.access$301(ScheduledThreadPoolExecutor.java:180)
	at java.util.concurrent.ScheduledThreadPoolExecutor$ScheduledFutureTask.run(ScheduledThreadPoolExecutor.java:294)
	at java.util.concurrent.ThreadPoolExecutor.runWorker(ThreadPoolExecutor.java:1142)
	at java.util.concurrent.ThreadPoolExecutor$Worker.run(ThreadPoolExecutor.java:617)
	at java.lang.Thread.run(Thread.java:745)
2018-05-08 10:22:25  [ Utils.DatabaseUtility.getDatabaseConfig(DatabaseUtility.java:58):Utils.DatabaseUtility:pool-6-thread-1:28 ] - [ ERROR ]  Get dbConfig.json is failed, due to: 
java.io.FileNotFoundException: C:\Users\Administrator\Desktop\WarRoomDbLink\dbConfig.json (系统找不到指定的路径。)
	at java.io.FileInputStream.open0(Native Method)
	at java.io.FileInputStream.open(FileInputStream.java:195)
	at java.io.FileInputStream.<init>(FileInputStream.java:138)
	at java.io.FileInputStream.<init>(FileInputStream.java:93)
	at java.io.FileReader.<init>(FileReader.java:58)
	at Utils.DatabaseUtility.getDatabaseConfig(DatabaseUtility.java:47)
	at Utils.DatabaseUtility.<init>(DatabaseUtility.java:25)
	at DAO.WarRoomDbLinksDAO.isDbLinkSuccess(WarRoomDbLinksDAO.java:131)
	at foxlink.WarRoomDbThread$1.run(WarRoomDbThread.java:35)
	at java.util.concurrent.Executors$RunnableAdapter.call(Executors.java:511)
	at java.util.concurrent.FutureTask.runAndReset(FutureTask.java:308)
	at java.util.concurrent.ScheduledThreadPoolExecutor$ScheduledFutureTask.access$301(ScheduledThreadPoolExecutor.java:180)
	at java.util.concurrent.ScheduledThreadPoolExecutor$ScheduledFutureTask.run(ScheduledThreadPoolExecutor.java:294)
	at java.util.concurrent.ThreadPoolExecutor.runWorker(ThreadPoolExecutor.java:1142)
	at java.util.concurrent.ThreadPoolExecutor$Worker.run(ThreadPoolExecutor.java:617)
	at java.lang.Thread.run(Thread.java:745)
2018-05-08 10:22:25  [ Utils.DatabaseUtility.getDatabaseConfig(DatabaseUtility.java:58):Utils.DatabaseUtility:pool-7-thread-1:35 ] - [ ERROR ]  Get dbConfig.json is failed, due to: 
java.io.FileNotFoundException: C:\Users\Administrator\Desktop\WarRoomDbLink\dbConfig.json (系统找不到指定的路径。)
	at java.io.FileInputStream.open0(Native Method)
	at java.io.FileInputStream.open(FileInputStream.java:195)
	at java.io.FileInputStream.<init>(FileInputStream.java:138)
	at java.io.FileInputStream.<init>(FileInputStream.java:93)
	at java.io.FileReader.<init>(FileReader.java:58)
	at Utils.DatabaseUtility.getDatabaseConfig(DatabaseUtility.java:47)
	at Utils.DatabaseUtility.<init>(DatabaseUtility.java:25)
	at DAO.WarRoomDbLinksDAO.isDbLinkSuccess(WarRoomDbLinksDAO.java:131)
	at foxlink.WarRoomDbThread$1.run(WarRoomDbThread.java:35)
	at java.util.concurrent.Executors$RunnableAdapter.call(Executors.java:511)
	at java.util.concurrent.FutureTask.runAndReset(FutureTask.java:308)
	at java.util.concurrent.ScheduledThreadPoolExecutor$ScheduledFutureTask.access$301(ScheduledThreadPoolExecutor.java:180)
	at java.util.concurrent.ScheduledThreadPoolExecutor$ScheduledFutureTask.run(ScheduledThreadPoolExecutor.java:294)
	at java.util.concurrent.ThreadPoolExecutor.runWorker(ThreadPoolExecutor.java:1142)
	at java.util.concurrent.ThreadPoolExecutor$Worker.run(ThreadPoolExecutor.java:617)
	at java.lang.Thread.run(Thread.java:745)
2018-05-08 10:22:25  [ Utils.DatabaseUtility.getDatabaseConfig(DatabaseUtility.java:58):Utils.DatabaseUtility:pool-9-thread-1:25 ] - [ ERROR ]  Get dbConfig.json is failed, due to: 
java.io.FileNotFoundException: C:\Users\Administrator\Desktop\WarRoomDbLink\dbConfig.json (系统找不到指定的路径。)
	at java.io.FileInputStream.open0(Native Method)
	at java.io.FileInputStream.open(FileInputStream.java:195)
	at java.io.FileInputStream.<init>(FileInputStream.java:138)
	at java.io.FileInputStream.<init>(FileInputStream.java:93)
	at java.io.FileReader.<init>(FileReader.java:58)
	at Utils.DatabaseUtility.getDatabaseConfig(DatabaseUtility.java:47)
	at Utils.DatabaseUtility.<init>(DatabaseUtility.java:25)
	at DAO.WarRoomDbLinksDAO.isDbLinkSuccess(WarRoomDbLinksDAO.java:131)
	at foxlink.WarRoomDbThread$1.run(WarRoomDbThread.java:35)
	at java.util.concurrent.Executors$RunnableAdapter.call(Executors.java:511)
	at java.util.concurrent.FutureTask.runAndReset(FutureTask.java:308)
	at java.util.concurrent.ScheduledThreadPoolExecutor$ScheduledFutureTask.access$301(ScheduledThreadPoolExecutor.java:180)
	at java.util.concurrent.ScheduledThreadPoolExecutor$ScheduledFutureTask.run(ScheduledThreadPoolExecutor.java:294)
	at java.util.concurrent.ThreadPoolExecutor.runWorker(ThreadPoolExecutor.java:1142)
	at java.util.concurrent.ThreadPoolExecutor$Worker.run(ThreadPoolExecutor.java:617)
	at java.lang.Thread.run(Thread.java:745)
2018-05-08 10:22:25  [ Utils.DatabaseUtility.getDatabaseConfig(DatabaseUtility.java:58):Utils.DatabaseUtility:pool-1-thread-1:23 ] - [ ERROR ]  Get dbConfig.json is failed, due to: 
java.io.FileNotFoundException: C:\Users\Administrator\Desktop\WarRoomDbLink\dbConfig.json (系统找不到指定的路径。)
	at java.io.FileInputStream.open0(Native Method)
	at java.io.FileInputStream.open(FileInputStream.java:195)
	at java.io.FileInputStream.<init>(FileInputStream.java:138)
	at java.io.FileInputStream.<init>(FileInputStream.java:93)
	at java.io.FileReader.<init>(FileReader.java:58)
	at Utils.DatabaseUtility.getDatabaseConfig(DatabaseUtility.java:47)
	at Utils.DatabaseUtility.<init>(DatabaseUtility.java:25)
	at DAO.WarRoomDbLinksDAO.isDbLinkSuccess(WarRoomDbLinksDAO.java:131)
	at foxlink.WarRoomDbThread$1.run(WarRoomDbThread.java:35)
	at java.util.concurrent.Executors$RunnableAdapter.call(Executors.java:511)
	at java.util.concurrent.FutureTask.runAndReset(FutureTask.java:308)
	at java.util.concurrent.ScheduledThreadPoolExecutor$ScheduledFutureTask.access$301(ScheduledThreadPoolExecutor.java:180)
	at java.util.concurrent.ScheduledThreadPoolExecutor$ScheduledFutureTask.run(ScheduledThreadPoolExecutor.java:294)
	at java.util.concurrent.ThreadPoolExecutor.runWorker(ThreadPoolExecutor.java:1142)
	at java.util.concurrent.ThreadPoolExecutor$Worker.run(ThreadPoolExecutor.java:617)
	at java.lang.Thread.run(Thread.java:745)
2018-05-08 10:22:25  [ Utils.DatabaseUtility.getDatabaseConfig(DatabaseUtility.java:58):Utils.DatabaseUtility:pool-4-thread-1:21 ] - [ ERROR ]  Get dbConfig.json is failed, due to: 
java.io.FileNotFoundException: C:\Users\Administrator\Desktop\WarRoomDbLink\dbConfig.json (系统找不到指定的路径。)
	at java.io.FileInputStream.open0(Native Method)
	at java.io.FileInputStream.open(FileInputStream.java:195)
	at java.io.FileInputStream.<init>(FileInputStream.java:138)
	at java.io.FileInputStream.<init>(FileInputStream.java:93)
	at java.io.FileReader.<init>(FileReader.java:58)
	at Utils.DatabaseUtility.getDatabaseConfig(DatabaseUtility.java:47)
	at Utils.DatabaseUtility.<init>(DatabaseUtility.java:25)
	at DAO.WarRoomDbLinksDAO.isDbLinkSuccess(WarRoomDbLinksDAO.java:131)
	at foxlink.WarRoomDbThread$1.run(WarRoomDbThread.java:35)
	at java.util.concurrent.Executors$RunnableAdapter.call(Executors.java:511)
	at java.util.concurrent.FutureTask.runAndReset(FutureTask.java:308)
	at java.util.concurrent.ScheduledThreadPoolExecutor$ScheduledFutureTask.access$301(ScheduledThreadPoolExecutor.java:180)
	at java.util.concurrent.ScheduledThreadPoolExecutor$ScheduledFutureTask.run(ScheduledThreadPoolExecutor.java:294)
	at java.util.concurrent.ThreadPoolExecutor.runWorker(ThreadPoolExecutor.java:1142)
	at java.util.concurrent.ThreadPoolExecutor$Worker.run(ThreadPoolExecutor.java:617)
	at java.lang.Thread.run(Thread.java:745)
2018-05-08 10:22:25  [ Utils.DatabaseUtility.getDatabaseConfig(DatabaseUtility.java:58):Utils.DatabaseUtility:pool-2-thread-1:20 ] - [ ERROR ]  Get dbConfig.json is failed, due to: 
java.io.FileNotFoundException: C:\Users\Administrator\Desktop\WarRoomDbLink\dbConfig.json (系统找不到指定的路径。)
	at java.io.FileInputStream.open0(Native Method)
	at java.io.FileInputStream.open(FileInputStream.java:195)
	at java.io.FileInputStream.<init>(FileInputStream.java:138)
	at java.io.FileInputStream.<init>(FileInputStream.java:93)
	at java.io.FileReader.<init>(FileReader.java:58)
	at Utils.DatabaseUtility.getDatabaseConfig(DatabaseUtility.java:47)
	at Utils.DatabaseUtility.<init>(DatabaseUtility.java:25)
	at DAO.WarRoomDbLinksDAO.isDbLinkSuccess(WarRoomDbLinksDAO.java:131)
	at foxlink.WarRoomDbThread$1.run(WarRoomDbThread.java:35)
	at java.util.concurrent.Executors$RunnableAdapter.call(Executors.java:511)
	at java.util.concurrent.FutureTask.runAndReset(FutureTask.java:308)
	at java.util.concurrent.ScheduledThreadPoolExecutor$ScheduledFutureTask.access$301(ScheduledThreadPoolExecutor.java:180)
	at java.util.concurrent.ScheduledThreadPoolExecutor$ScheduledFutureTask.run(ScheduledThreadPoolExecutor.java:294)
	at java.util.concurrent.ThreadPoolExecutor.runWorker(ThreadPoolExecutor.java:1142)
	at java.util.concurrent.ThreadPoolExecutor$Worker.run(ThreadPoolExecutor.java:617)
	at java.lang.Thread.run(Thread.java:745)
2018-05-08 10:22:25  [ Utils.DatabaseUtility.getDatabaseConfig(DatabaseUtility.java:58):Utils.DatabaseUtility:pool-3-thread-1:19 ] - [ ERROR ]  Get dbConfig.json is failed, due to: 
java.io.FileNotFoundException: C:\Users\Administrator\Desktop\WarRoomDbLink\dbConfig.json (系统找不到指定的路径。)
	at java.io.FileInputStream.open0(Native Method)
	at java.io.FileInputStream.open(FileInputStream.java:195)
	at java.io.FileInputStream.<init>(FileInputStream.java:138)
	at java.io.FileInputStream.<init>(FileInputStream.java:93)
	at java.io.FileReader.<init>(FileReader.java:58)
	at Utils.DatabaseUtility.getDatabaseConfig(DatabaseUtility.java:47)
	at Utils.DatabaseUtility.<init>(DatabaseUtility.java:25)
	at DAO.WarRoomDbLinksDAO.isDbLinkSuccess(WarRoomDbLinksDAO.java:131)
	at foxlink.WarRoomDbThread$1.run(WarRoomDbThread.java:35)
	at java.util.concurrent.Executors$RunnableAdapter.call(Executors.java:511)
	at java.util.concurrent.FutureTask.runAndReset(FutureTask.java:308)
	at java.util.concurrent.ScheduledThreadPoolExecutor$ScheduledFutureTask.access$301(ScheduledThreadPoolExecutor.java:180)
	at java.util.concurrent.ScheduledThreadPoolExecutor$ScheduledFutureTask.run(ScheduledThreadPoolExecutor.java:294)
	at java.util.concurrent.ThreadPoolExecutor.runWorker(ThreadPoolExecutor.java:1142)
	at java.util.concurrent.ThreadPoolExecutor$Worker.run(ThreadPoolExecutor.java:617)
	at java.lang.Thread.run(Thread.java:745)
2018-05-08 10:22:26  [ DAO.WarRoomDbLinksDAO.isDbLinkSuccess(WarRoomDbLinksDAO.java:146):DAO.AlarmMessageDAO:pool-4-thread-1:311 ] - [ ERROR ]  select data from TAURUSDG dsg is failed, due to : 
java.sql.SQLException: Invalid number format for port number
	at oracle.jdbc.driver.T4CConnection.logon(T4CConnection.java:412)
	at oracle.jdbc.driver.PhysicalConnection.<init>(PhysicalConnection.java:531)
	at oracle.jdbc.driver.T4CConnection.<init>(T4CConnection.java:221)
	at oracle.jdbc.driver.T4CDriverExtension.getConnection(T4CDriverExtension.java:32)
	at oracle.jdbc.driver.OracleDriver.connect(OracleDriver.java:503)
	at java.sql.DriverManager.getConnection(DriverManager.java:664)
	at java.sql.DriverManager.getConnection(DriverManager.java:247)
	at Utils.DatabaseUtility.makeConnection(DatabaseUtility.java:34)
	at DAO.WarRoomDbLinksDAO.isDbLinkSuccess(WarRoomDbLinksDAO.java:132)
	at foxlink.WarRoomDbThread$1.run(WarRoomDbThread.java:35)
	at java.util.concurrent.Executors$RunnableAdapter.call(Executors.java:511)
	at java.util.concurrent.FutureTask.runAndReset(FutureTask.java:308)
	at java.util.concurrent.ScheduledThreadPoolExecutor$ScheduledFutureTask.access$301(ScheduledThreadPoolExecutor.java:180)
	at java.util.concurrent.ScheduledThreadPoolExecutor$ScheduledFutureTask.run(ScheduledThreadPoolExecutor.java:294)
	at java.util.concurrent.ThreadPoolExecutor.runWorker(ThreadPoolExecutor.java:1142)
	at java.util.concurrent.ThreadPoolExecutor$Worker.run(ThreadPoolExecutor.java:617)
	at java.lang.Thread.run(Thread.java:745)
Caused by: oracle.net.ns.NetException: Invalid number format for port number
	at oracle.net.resolver.HostnameNamingAdapter.resolve(HostnameNamingAdapter.java:187)
	at oracle.net.resolver.NameResolver.resolveName(NameResolver.java:133)
	at oracle.net.resolver.AddrResolution.resolveAndExecute(AddrResolution.java:404)
	at oracle.net.ns.NSProtocol.establishConnection(NSProtocol.java:672)
	at oracle.net.ns.NSProtocol.connect(NSProtocol.java:237)
	at oracle.jdbc.driver.T4CConnection.connect(T4CConnection.java:1042)
	at oracle.jdbc.driver.T4CConnection.logon(T4CConnection.java:301)
	... 16 more
2018-05-08 10:22:26  [ DAO.WarRoomDbLinksDAO.isDbLinkSuccess(WarRoomDbLinksDAO.java:146):DAO.AlarmMessageDAO:pool-5-thread-1:314 ] - [ ERROR ]  select data from B9 dsg is failed, due to : 
java.sql.SQLException: Invalid number format for port number
	at oracle.jdbc.driver.T4CConnection.logon(T4CConnection.java:412)
	at oracle.jdbc.driver.PhysicalConnection.<init>(PhysicalConnection.java:531)
	at oracle.jdbc.driver.T4CConnection.<init>(T4CConnection.java:221)
	at oracle.jdbc.driver.T4CDriverExtension.getConnection(T4CDriverExtension.java:32)
	at oracle.jdbc.driver.OracleDriver.connect(OracleDriver.java:503)
	at java.sql.DriverManager.getConnection(DriverManager.java:664)
	at java.sql.DriverManager.getConnection(DriverManager.java:247)
	at Utils.DatabaseUtility.makeConnection(DatabaseUtility.java:34)
	at DAO.WarRoomDbLinksDAO.isDbLinkSuccess(WarRoomDbLinksDAO.java:132)
	at foxlink.WarRoomDbThread$1.run(WarRoomDbThread.java:35)
	at java.util.concurrent.Executors$RunnableAdapter.call(Executors.java:511)
	at java.util.concurrent.FutureTask.runAndReset(FutureTask.java:308)
	at java.util.concurrent.ScheduledThreadPoolExecutor$ScheduledFutureTask.access$301(ScheduledThreadPoolExecutor.java:180)
	at java.util.concurrent.ScheduledThreadPoolExecutor$ScheduledFutureTask.run(ScheduledThreadPoolExecutor.java:294)
	at java.util.concurrent.ThreadPoolExecutor.runWorker(ThreadPoolExecutor.java:1142)
	at java.util.concurrent.ThreadPoolExecutor$Worker.run(ThreadPoolExecutor.java:617)
	at java.lang.Thread.run(Thread.java:745)
Caused by: oracle.net.ns.NetException: Invalid number format for port number
	at oracle.net.resolver.HostnameNamingAdapter.resolve(HostnameNamingAdapter.java:187)
	at oracle.net.resolver.NameResolver.resolveName(NameResolver.java:133)
	at oracle.net.resolver.AddrResolution.resolveAndExecute(AddrResolution.java:404)
	at oracle.net.ns.NSProtocol.establishConnection(NSProtocol.java:672)
	at oracle.net.ns.NSProtocol.connect(NSProtocol.java:237)
	at oracle.jdbc.driver.T4CConnection.connect(T4CConnection.java:1042)
	at oracle.jdbc.driver.T4CConnection.logon(T4CConnection.java:301)
	... 16 more
2018-05-08 10:22:26  [ DAO.WarRoomDbLinksDAO.isDbLinkSuccess(WarRoomDbLinksDAO.java:146):DAO.AlarmMessageDAO:pool-1-thread-1:321 ] - [ ERROR ]  select data from AS dsg is failed, due to : 
java.sql.SQLException: Invalid number format for port number
	at oracle.jdbc.driver.T4CConnection.logon(T4CConnection.java:412)
	at oracle.jdbc.driver.PhysicalConnection.<init>(PhysicalConnection.java:531)
	at oracle.jdbc.driver.T4CConnection.<init>(T4CConnection.java:221)
	at oracle.jdbc.driver.T4CDriverExtension.getConnection(T4CDriverExtension.java:32)
	at oracle.jdbc.driver.OracleDriver.connect(OracleDriver.java:503)
	at java.sql.DriverManager.getConnection(DriverManager.java:664)
	at java.sql.DriverManager.getConnection(DriverManager.java:247)
	at Utils.DatabaseUtility.makeConnection(DatabaseUtility.java:34)
	at DAO.WarRoomDbLinksDAO.isDbLinkSuccess(WarRoomDbLinksDAO.java:132)
	at foxlink.WarRoomDbThread$1.run(WarRoomDbThread.java:35)
	at java.util.concurrent.Executors$RunnableAdapter.call(Executors.java:511)
	at java.util.concurrent.FutureTask.runAndReset(FutureTask.java:308)
	at java.util.concurrent.ScheduledThreadPoolExecutor$ScheduledFutureTask.access$301(ScheduledThreadPoolExecutor.java:180)
	at java.util.concurrent.ScheduledThreadPoolExecutor$ScheduledFutureTask.run(ScheduledThreadPoolExecutor.java:294)
	at java.util.concurrent.ThreadPoolExecutor.runWorker(ThreadPoolExecutor.java:1142)
	at java.util.concurrent.ThreadPoolExecutor$Worker.run(ThreadPoolExecutor.java:617)
	at java.lang.Thread.run(Thread.java:745)
Caused by: oracle.net.ns.NetException: Invalid number format for port number
	at oracle.net.resolver.HostnameNamingAdapter.resolve(HostnameNamingAdapter.java:187)
	at oracle.net.resolver.NameResolver.resolveName(NameResolver.java:133)
	at oracle.net.resolver.AddrResolution.resolveAndExecute(AddrResolution.java:404)
	at oracle.net.ns.NSProtocol.establishConnection(NSProtocol.java:672)
	at oracle.net.ns.NSProtocol.connect(NSProtocol.java:237)
	at oracle.jdbc.driver.T4CConnection.connect(T4CConnection.java:1042)
	at oracle.jdbc.driver.T4CConnection.logon(T4CConnection.java:301)
	... 16 more
2018-05-08 10:22:26  [ DAO.WarRoomDbLinksDAO.isDbLinkSuccess(WarRoomDbLinksDAO.java:146):DAO.AlarmMessageDAO:pool-2-thread-1:325 ] - [ ERROR ]  select data from SFC2ERP dsg is failed, due to : 
java.sql.SQLException: Invalid number format for port number
	at oracle.jdbc.driver.T4CConnection.logon(T4CConnection.java:412)
	at oracle.jdbc.driver.PhysicalConnection.<init>(PhysicalConnection.java:531)
	at oracle.jdbc.driver.T4CConnection.<init>(T4CConnection.java:221)
	at oracle.jdbc.driver.T4CDriverExtension.getConnection(T4CDriverExtension.java:32)
	at oracle.jdbc.driver.OracleDriver.connect(OracleDriver.java:503)
	at java.sql.DriverManager.getConnection(DriverManager.java:664)
	at java.sql.DriverManager.getConnection(DriverManager.java:247)
	at Utils.DatabaseUtility.makeConnection(DatabaseUtility.java:34)
	at DAO.WarRoomDbLinksDAO.isDbLinkSuccess(WarRoomDbLinksDAO.java:132)
	at foxlink.WarRoomDbThread$1.run(WarRoomDbThread.java:35)
	at java.util.concurrent.Executors$RunnableAdapter.call(Executors.java:511)
	at java.util.concurrent.FutureTask.runAndReset(FutureTask.java:308)
	at java.util.concurrent.ScheduledThreadPoolExecutor$ScheduledFutureTask.access$301(ScheduledThreadPoolExecutor.java:180)
	at java.util.concurrent.ScheduledThreadPoolExecutor$ScheduledFutureTask.run(ScheduledThreadPoolExecutor.java:294)
	at java.util.concurrent.ThreadPoolExecutor.runWorker(ThreadPoolExecutor.java:1142)
	at java.util.concurrent.ThreadPoolExecutor$Worker.run(ThreadPoolExecutor.java:617)
	at java.lang.Thread.run(Thread.java:745)
Caused by: oracle.net.ns.NetException: Invalid number format for port number
	at oracle.net.resolver.HostnameNamingAdapter.resolve(HostnameNamingAdapter.java:187)
	at oracle.net.resolver.NameResolver.resolveName(NameResolver.java:133)
	at oracle.net.resolver.AddrResolution.resolveAndExecute(AddrResolution.java:404)
	at oracle.net.ns.NSProtocol.establishConnection(NSProtocol.java:672)
	at oracle.net.ns.NSProtocol.connect(NSProtocol.java:237)
	at oracle.jdbc.driver.T4CConnection.connect(T4CConnection.java:1042)
	at oracle.jdbc.driver.T4CConnection.logon(T4CConnection.java:301)
	... 16 more
2018-05-08 10:22:26  [ DAO.WarRoomDbLinksDAO.isDbLinkSuccess(WarRoomDbLinksDAO.java:146):DAO.AlarmMessageDAO:pool-6-thread-1:318 ] - [ ERROR ]  select data from CEBU dsg is failed, due to : 
java.sql.SQLException: Invalid number format for port number
	at oracle.jdbc.driver.T4CConnection.logon(T4CConnection.java:412)
	at oracle.jdbc.driver.PhysicalConnection.<init>(PhysicalConnection.java:531)
	at oracle.jdbc.driver.T4CConnection.<init>(T4CConnection.java:221)
	at oracle.jdbc.driver.T4CDriverExtension.getConnection(T4CDriverExtension.java:32)
	at oracle.jdbc.driver.OracleDriver.connect(OracleDriver.java:503)
	at java.sql.DriverManager.getConnection(DriverManager.java:664)
	at java.sql.DriverManager.getConnection(DriverManager.java:247)
	at Utils.DatabaseUtility.makeConnection(DatabaseUtility.java:34)
	at DAO.WarRoomDbLinksDAO.isDbLinkSuccess(WarRoomDbLinksDAO.java:132)
	at foxlink.WarRoomDbThread$1.run(WarRoomDbThread.java:35)
	at java.util.concurrent.Executors$RunnableAdapter.call(Executors.java:511)
	at java.util.concurrent.FutureTask.runAndReset(FutureTask.java:308)
	at java.util.concurrent.ScheduledThreadPoolExecutor$ScheduledFutureTask.access$301(ScheduledThreadPoolExecutor.java:180)
	at java.util.concurrent.ScheduledThreadPoolExecutor$ScheduledFutureTask.run(ScheduledThreadPoolExecutor.java:294)
	at java.util.concurrent.ThreadPoolExecutor.runWorker(ThreadPoolExecutor.java:1142)
	at java.util.concurrent.ThreadPoolExecutor$Worker.run(ThreadPoolExecutor.java:617)
	at java.lang.Thread.run(Thread.java:745)
Caused by: oracle.net.ns.NetException: Invalid number format for port number
	at oracle.net.resolver.HostnameNamingAdapter.resolve(HostnameNamingAdapter.java:187)
	at oracle.net.resolver.NameResolver.resolveName(NameResolver.java:133)
	at oracle.net.resolver.AddrResolution.resolveAndExecute(AddrResolution.java:404)
	at oracle.net.ns.NSProtocol.establishConnection(NSProtocol.java:672)
	at oracle.net.ns.NSProtocol.connect(NSProtocol.java:237)
	at oracle.jdbc.driver.T4CConnection.connect(T4CConnection.java:1042)
	at oracle.jdbc.driver.T4CConnection.logon(T4CConnection.java:301)
	... 16 more
2018-05-08 10:22:26  [ DAO.WarRoomDbLinksDAO.isDbLinkSuccess(WarRoomDbLinksDAO.java:146):DAO.AlarmMessageDAO:pool-7-thread-1:342 ] - [ ERROR ]  select data from CEBUNC dsg is failed, due to : 
java.sql.SQLException: Invalid number format for port number
	at oracle.jdbc.driver.T4CConnection.logon(T4CConnection.java:412)
	at oracle.jdbc.driver.PhysicalConnection.<init>(PhysicalConnection.java:531)
	at oracle.jdbc.driver.T4CConnection.<init>(T4CConnection.java:221)
	at oracle.jdbc.driver.T4CDriverExtension.getConnection(T4CDriverExtension.java:32)
	at oracle.jdbc.driver.OracleDriver.connect(OracleDriver.java:503)
	at java.sql.DriverManager.getConnection(DriverManager.java:664)
	at java.sql.DriverManager.getConnection(DriverManager.java:247)
	at Utils.DatabaseUtility.makeConnection(DatabaseUtility.java:34)
	at DAO.WarRoomDbLinksDAO.isDbLinkSuccess(WarRoomDbLinksDAO.java:132)
	at foxlink.WarRoomDbThread$1.run(WarRoomDbThread.java:35)
	at java.util.concurrent.Executors$RunnableAdapter.call(Executors.java:511)
	at java.util.concurrent.FutureTask.runAndReset(FutureTask.java:308)
	at java.util.concurrent.ScheduledThreadPoolExecutor$ScheduledFutureTask.access$301(ScheduledThreadPoolExecutor.java:180)
	at java.util.concurrent.ScheduledThreadPoolExecutor$ScheduledFutureTask.run(ScheduledThreadPoolExecutor.java:294)
	at java.util.concurrent.ThreadPoolExecutor.runWorker(ThreadPoolExecutor.java:1142)
	at java.util.concurrent.ThreadPoolExecutor$Worker.run(ThreadPoolExecutor.java:617)
	at java.lang.Thread.run(Thread.java:745)
Caused by: oracle.net.ns.NetException: Invalid number format for port number
	at oracle.net.resolver.HostnameNamingAdapter.resolve(HostnameNamingAdapter.java:187)
	at oracle.net.resolver.NameResolver.resolveName(NameResolver.java:133)
	at oracle.net.resolver.AddrResolution.resolveAndExecute(AddrResolution.java:404)
	at oracle.net.ns.NSProtocol.establishConnection(NSProtocol.java:672)
	at oracle.net.ns.NSProtocol.connect(NSProtocol.java:237)
	at oracle.jdbc.driver.T4CConnection.connect(T4CConnection.java:1042)
	at oracle.jdbc.driver.T4CConnection.logon(T4CConnection.java:301)
	... 16 more
2018-05-08 10:22:26  [ DAO.WarRoomDbLinksDAO.isDbLinkSuccess(WarRoomDbLinksDAO.java:146):DAO.AlarmMessageDAO:pool-3-thread-1:344 ] - [ ERROR ]  select data from EXCALIBUR dsg is failed, due to : 
java.sql.SQLException: Invalid number format for port number
	at oracle.jdbc.driver.T4CConnection.logon(T4CConnection.java:412)
	at oracle.jdbc.driver.PhysicalConnection.<init>(PhysicalConnection.java:531)
	at oracle.jdbc.driver.T4CConnection.<init>(T4CConnection.java:221)
	at oracle.jdbc.driver.T4CDriverExtension.getConnection(T4CDriverExtension.java:32)
	at oracle.jdbc.driver.OracleDriver.connect(OracleDriver.java:503)
	at java.sql.DriverManager.getConnection(DriverManager.java:664)
	at java.sql.DriverManager.getConnection(DriverManager.java:247)
	at Utils.DatabaseUtility.makeConnection(DatabaseUtility.java:34)
	at DAO.WarRoomDbLinksDAO.isDbLinkSuccess(WarRoomDbLinksDAO.java:132)
	at foxlink.WarRoomDbThread$1.run(WarRoomDbThread.java:35)
	at java.util.concurrent.Executors$RunnableAdapter.call(Executors.java:511)
	at java.util.concurrent.FutureTask.runAndReset(FutureTask.java:308)
	at java.util.concurrent.ScheduledThreadPoolExecutor$ScheduledFutureTask.access$301(ScheduledThreadPoolExecutor.java:180)
	at java.util.concurrent.ScheduledThreadPoolExecutor$ScheduledFutureTask.run(ScheduledThreadPoolExecutor.java:294)
	at java.util.concurrent.ThreadPoolExecutor.runWorker(ThreadPoolExecutor.java:1142)
	at java.util.concurrent.ThreadPoolExecutor$Worker.run(ThreadPoolExecutor.java:617)
	at java.lang.Thread.run(Thread.java:745)
Caused by: oracle.net.ns.NetException: Invalid number format for port number
	at oracle.net.resolver.HostnameNamingAdapter.resolve(HostnameNamingAdapter.java:187)
	at oracle.net.resolver.NameResolver.resolveName(NameResolver.java:133)
	at oracle.net.resolver.AddrResolution.resolveAndExecute(AddrResolution.java:404)
	at oracle.net.ns.NSProtocol.establishConnection(NSProtocol.java:672)
	at oracle.net.ns.NSProtocol.connect(NSProtocol.java:237)
	at oracle.jdbc.driver.T4CConnection.connect(T4CConnection.java:1042)
	at oracle.jdbc.driver.T4CConnection.logon(T4CConnection.java:301)
	... 16 more
2018-05-08 10:22:26  [ DAO.WarRoomDbLinksDAO.isDbLinkSuccess(WarRoomDbLinksDAO.java:146):DAO.AlarmMessageDAO:pool-8-thread-1:315 ] - [ ERROR ]  select data from KSSCBG dsg is failed, due to : 
java.sql.SQLException: Invalid number format for port number
	at oracle.jdbc.driver.T4CConnection.logon(T4CConnection.java:412)
	at oracle.jdbc.driver.PhysicalConnection.<init>(PhysicalConnection.java:531)
	at oracle.jdbc.driver.T4CConnection.<init>(T4CConnection.java:221)
	at oracle.jdbc.driver.T4CDriverExtension.getConnection(T4CDriverExtension.java:32)
	at oracle.jdbc.driver.OracleDriver.connect(OracleDriver.java:503)
	at java.sql.DriverManager.getConnection(DriverManager.java:664)
	at java.sql.DriverManager.getConnection(DriverManager.java:247)
	at Utils.DatabaseUtility.makeConnection(DatabaseUtility.java:34)
	at DAO.WarRoomDbLinksDAO.isDbLinkSuccess(WarRoomDbLinksDAO.java:132)
	at foxlink.WarRoomDbThread$1.run(WarRoomDbThread.java:35)
	at java.util.concurrent.Executors$RunnableAdapter.call(Executors.java:511)
	at java.util.concurrent.FutureTask.runAndReset(FutureTask.java:308)
	at java.util.concurrent.ScheduledThreadPoolExecutor$ScheduledFutureTask.access$301(ScheduledThreadPoolExecutor.java:180)
	at java.util.concurrent.ScheduledThreadPoolExecutor$ScheduledFutureTask.run(ScheduledThreadPoolExecutor.java:294)
	at java.util.concurrent.ThreadPoolExecutor.runWorker(ThreadPoolExecutor.java:1142)
	at java.util.concurrent.ThreadPoolExecutor$Worker.run(ThreadPoolExecutor.java:617)
	at java.lang.Thread.run(Thread.java:745)
Caused by: oracle.net.ns.NetException: Invalid number format for port number
	at oracle.net.resolver.HostnameNamingAdapter.resolve(HostnameNamingAdapter.java:187)
	at oracle.net.resolver.NameResolver.resolveName(NameResolver.java:133)
	at oracle.net.resolver.AddrResolution.resolveAndExecute(AddrResolution.java:404)
	at oracle.net.ns.NSProtocol.establishConnection(NSProtocol.java:672)
	at oracle.net.ns.NSProtocol.connect(NSProtocol.java:237)
	at oracle.jdbc.driver.T4CConnection.connect(T4CConnection.java:1042)
	at oracle.jdbc.driver.T4CConnection.logon(T4CConnection.java:301)
	... 16 more
2018-05-08 10:22:26  [ DAO.WarRoomDbLinksDAO.isDbLinkSuccess(WarRoomDbLinksDAO.java:146):DAO.AlarmMessageDAO:pool-9-thread-1:354 ] - [ ERROR ]  select data from KSCSBG dsg is failed, due to : 
java.sql.SQLException: Invalid number format for port number
	at oracle.jdbc.driver.T4CConnection.logon(T4CConnection.java:412)
	at oracle.jdbc.driver.PhysicalConnection.<init>(PhysicalConnection.java:531)
	at oracle.jdbc.driver.T4CConnection.<init>(T4CConnection.java:221)
	at oracle.jdbc.driver.T4CDriverExtension.getConnection(T4CDriverExtension.java:32)
	at oracle.jdbc.driver.OracleDriver.connect(OracleDriver.java:503)
	at java.sql.DriverManager.getConnection(DriverManager.java:664)
	at java.sql.DriverManager.getConnection(DriverManager.java:247)
	at Utils.DatabaseUtility.makeConnection(DatabaseUtility.java:34)
	at DAO.WarRoomDbLinksDAO.isDbLinkSuccess(WarRoomDbLinksDAO.java:132)
	at foxlink.WarRoomDbThread$1.run(WarRoomDbThread.java:35)
	at java.util.concurrent.Executors$RunnableAdapter.call(Executors.java:511)
	at java.util.concurrent.FutureTask.runAndReset(FutureTask.java:308)
	at java.util.concurrent.ScheduledThreadPoolExecutor$ScheduledFutureTask.access$301(ScheduledThreadPoolExecutor.java:180)
	at java.util.concurrent.ScheduledThreadPoolExecutor$ScheduledFutureTask.run(ScheduledThreadPoolExecutor.java:294)
	at java.util.concurrent.ThreadPoolExecutor.runWorker(ThreadPoolExecutor.java:1142)
	at java.util.concurrent.ThreadPoolExecutor$Worker.run(ThreadPoolExecutor.java:617)
	at java.lang.Thread.run(Thread.java:745)
Caused by: oracle.net.ns.NetException: Invalid number format for port number
	at oracle.net.resolver.HostnameNamingAdapter.resolve(HostnameNamingAdapter.java:187)
	at oracle.net.resolver.NameResolver.resolveName(NameResolver.java:133)
	at oracle.net.resolver.AddrResolution.resolveAndExecute(AddrResolution.java:404)
	at oracle.net.ns.NSProtocol.establishConnection(NSProtocol.java:672)
	at oracle.net.ns.NSProtocol.connect(NSProtocol.java:237)
	at oracle.jdbc.driver.T4CConnection.connect(T4CConnection.java:1042)
	at oracle.jdbc.driver.T4CConnection.logon(T4CConnection.java:301)
	... 16 more
2018-05-08 10:22:43  [ Utils.DatabaseUtility.getDatabaseConfig(DatabaseUtility.java:58):Utils.DatabaseUtility:pool-10-thread-1:17641 ] - [ ERROR ]  Get dbConfig.json is failed, due to: 
java.io.FileNotFoundException: C:\Users\Administrator\Desktop\WarRoomDbLink\dbConfig.json (系统找不到指定的路径。)
	at java.io.FileInputStream.open0(Native Method)
	at java.io.FileInputStream.open(FileInputStream.java:195)
	at java.io.FileInputStream.<init>(FileInputStream.java:138)
	at java.io.FileInputStream.<init>(FileInputStream.java:93)
	at java.io.FileReader.<init>(FileReader.java:58)
	at Utils.DatabaseUtility.getDatabaseConfig(DatabaseUtility.java:47)
	at Utils.DatabaseUtility.<init>(DatabaseUtility.java:25)
	at DAO.WarRoomDbLinksDAO.isDbLinkSuccess(WarRoomDbLinksDAO.java:131)
	at foxlink.WarRoomDbThread$1.run(WarRoomDbThread.java:35)
	at java.util.concurrent.Executors$RunnableAdapter.call(Executors.java:511)
	at java.util.concurrent.FutureTask.runAndReset(FutureTask.java:308)
	at java.util.concurrent.ScheduledThreadPoolExecutor$ScheduledFutureTask.access$301(ScheduledThreadPoolExecutor.java:180)
	at java.util.concurrent.ScheduledThreadPoolExecutor$ScheduledFutureTask.run(ScheduledThreadPoolExecutor.java:294)
	at java.util.concurrent.ThreadPoolExecutor.runWorker(ThreadPoolExecutor.java:1142)
	at java.util.concurrent.ThreadPoolExecutor$Worker.run(ThreadPoolExecutor.java:617)
	at java.lang.Thread.run(Thread.java:745)
2018-05-08 10:22:43  [ Utils.DatabaseUtility.getDatabaseConfig(DatabaseUtility.java:58):Utils.DatabaseUtility:pool-11-thread-1:17649 ] - [ ERROR ]  Get dbConfig.json is failed, due to: 
java.io.FileNotFoundException: C:\Users\Administrator\Desktop\WarRoomDbLink\dbConfig.json (系统找不到指定的路径。)
	at java.io.FileInputStream.open0(Native Method)
	at java.io.FileInputStream.open(FileInputStream.java:195)
	at java.io.FileInputStream.<init>(FileInputStream.java:138)
	at java.io.FileInputStream.<init>(FileInputStream.java:93)
	at java.io.FileReader.<init>(FileReader.java:58)
	at Utils.DatabaseUtility.getDatabaseConfig(DatabaseUtility.java:47)
	at Utils.DatabaseUtility.<init>(DatabaseUtility.java:25)
	at DAO.WarRoomDbLinksDAO.isDbLinkSuccess(WarRoomDbLinksDAO.java:131)
	at foxlink.WarRoomDbThread$1.run(WarRoomDbThread.java:35)
	at java.util.concurrent.Executors$RunnableAdapter.call(Executors.java:511)
	at java.util.concurrent.FutureTask.runAndReset(FutureTask.java:308)
	at java.util.concurrent.ScheduledThreadPoolExecutor$ScheduledFutureTask.access$301(ScheduledThreadPoolExecutor.java:180)
	at java.util.concurrent.ScheduledThreadPoolExecutor$ScheduledFutureTask.run(ScheduledThreadPoolExecutor.java:294)
	at java.util.concurrent.ThreadPoolExecutor.runWorker(ThreadPoolExecutor.java:1142)
	at java.util.concurrent.ThreadPoolExecutor$Worker.run(ThreadPoolExecutor.java:617)
	at java.lang.Thread.run(Thread.java:745)
2018-05-08 10:22:43  [ DAO.WarRoomDbLinksDAO.isDbLinkSuccess(WarRoomDbLinksDAO.java:146):DAO.AlarmMessageDAO:pool-10-thread-1:17651 ] - [ ERROR ]  select data from MASSCBG dsg is failed, due to : 
java.sql.SQLException: Invalid number format for port number
	at oracle.jdbc.driver.T4CConnection.logon(T4CConnection.java:412)
	at oracle.jdbc.driver.PhysicalConnection.<init>(PhysicalConnection.java:531)
	at oracle.jdbc.driver.T4CConnection.<init>(T4CConnection.java:221)
	at oracle.jdbc.driver.T4CDriverExtension.getConnection(T4CDriverExtension.java:32)
	at oracle.jdbc.driver.OracleDriver.connect(OracleDriver.java:503)
	at java.sql.DriverManager.getConnection(DriverManager.java:664)
	at java.sql.DriverManager.getConnection(DriverManager.java:247)
	at Utils.DatabaseUtility.makeConnection(DatabaseUtility.java:34)
	at DAO.WarRoomDbLinksDAO.isDbLinkSuccess(WarRoomDbLinksDAO.java:132)
	at foxlink.WarRoomDbThread$1.run(WarRoomDbThread.java:35)
	at java.util.concurrent.Executors$RunnableAdapter.call(Executors.java:511)
	at java.util.concurrent.FutureTask.runAndReset(FutureTask.java:308)
	at java.util.concurrent.ScheduledThreadPoolExecutor$ScheduledFutureTask.access$301(ScheduledThreadPoolExecutor.java:180)
	at java.util.concurrent.ScheduledThreadPoolExecutor$ScheduledFutureTask.run(ScheduledThreadPoolExecutor.java:294)
	at java.util.concurrent.ThreadPoolExecutor.runWorker(ThreadPoolExecutor.java:1142)
	at java.util.concurrent.ThreadPoolExecutor$Worker.run(ThreadPoolExecutor.java:617)
	at java.lang.Thread.run(Thread.java:745)
Caused by: oracle.net.ns.NetException: Invalid number format for port number
	at oracle.net.resolver.HostnameNamingAdapter.resolve(HostnameNamingAdapter.java:187)
	at oracle.net.resolver.NameResolver.resolveName(NameResolver.java:133)
	at oracle.net.resolver.AddrResolution.resolveAndExecute(AddrResolution.java:404)
	at oracle.net.ns.NSProtocol.establishConnection(NSProtocol.java:672)
	at oracle.net.ns.NSProtocol.connect(NSProtocol.java:237)
	at oracle.jdbc.driver.T4CConnection.connect(T4CConnection.java:1042)
	at oracle.jdbc.driver.T4CConnection.logon(T4CConnection.java:301)
	... 16 more
2018-05-08 10:22:43  [ DAO.WarRoomDbLinksDAO.isDbLinkSuccess(WarRoomDbLinksDAO.java:146):DAO.AlarmMessageDAO:pool-11-thread-1:17651 ] - [ ERROR ]  select data from XZCEBU dsg is failed, due to : 
java.sql.SQLException: Invalid number format for port number
	at oracle.jdbc.driver.T4CConnection.logon(T4CConnection.java:412)
	at oracle.jdbc.driver.PhysicalConnection.<init>(PhysicalConnection.java:531)
	at oracle.jdbc.driver.T4CConnection.<init>(T4CConnection.java:221)
	at oracle.jdbc.driver.T4CDriverExtension.getConnection(T4CDriverExtension.java:32)
	at oracle.jdbc.driver.OracleDriver.connect(OracleDriver.java:503)
	at java.sql.DriverManager.getConnection(DriverManager.java:664)
	at java.sql.DriverManager.getConnection(DriverManager.java:247)
	at Utils.DatabaseUtility.makeConnection(DatabaseUtility.java:34)
	at DAO.WarRoomDbLinksDAO.isDbLinkSuccess(WarRoomDbLinksDAO.java:132)
	at foxlink.WarRoomDbThread$1.run(WarRoomDbThread.java:35)
	at java.util.concurrent.Executors$RunnableAdapter.call(Executors.java:511)
	at java.util.concurrent.FutureTask.runAndReset(FutureTask.java:308)
	at java.util.concurrent.ScheduledThreadPoolExecutor$ScheduledFutureTask.access$301(ScheduledThreadPoolExecutor.java:180)
	at java.util.concurrent.ScheduledThreadPoolExecutor$ScheduledFutureTask.run(ScheduledThreadPoolExecutor.java:294)
	at java.util.concurrent.ThreadPoolExecutor.runWorker(ThreadPoolExecutor.java:1142)
	at java.util.concurrent.ThreadPoolExecutor$Worker.run(ThreadPoolExecutor.java:617)
	at java.lang.Thread.run(Thread.java:745)
Caused by: oracle.net.ns.NetException: Invalid number format for port number
	at oracle.net.resolver.HostnameNamingAdapter.resolve(HostnameNamingAdapter.java:187)
	at oracle.net.resolver.NameResolver.resolveName(NameResolver.java:133)
	at oracle.net.resolver.AddrResolution.resolveAndExecute(AddrResolution.java:404)
	at oracle.net.ns.NSProtocol.establishConnection(NSProtocol.java:672)
	at oracle.net.ns.NSProtocol.connect(NSProtocol.java:237)
	at oracle.jdbc.driver.T4CConnection.connect(T4CConnection.java:1042)
	at oracle.jdbc.driver.T4CConnection.logon(T4CConnection.java:301)
	... 16 more
